

Started GET "/users/sign_in" for 127.0.0.1 at 2018-12-17 08:57:47 -0800
  Processing by Devise::SessionsController#new as HTML
Rendered devise/shared/_links.erb (1.1ms)
Rendered devise/sessions/new.html.erb within layouts/application (549.7ms)
Completed 200 OK in 648ms (Views: 550.9ms | ActiveRecord: 0.0ms)


Started GET "/javascripts/prototype.js" for 127.0.0.1 at 2018-12-17 08:57:48 -0800

ActionController::RoutingError (No route matches "/javascripts/prototype.js"):
  

Rendered /home/rodrigo/.rvm/gems/ruby-1.9.3-p551/gems/actionpack-3.0.20/lib/action_dispatch/middleware/templates/rescues/routing_error.erb within rescues/layout (0.9ms)


Started GET "/javascripts/effects.js" for 127.0.0.1 at 2018-12-17 08:57:48 -0800

ActionController::RoutingError (No route matches "/javascripts/effects.js"):
  

Rendered /home/rodrigo/.rvm/gems/ruby-1.9.3-p551/gems/actionpack-3.0.20/lib/action_dispatch/middleware/templates/rescues/routing_error.erb within rescues/layout (5.6ms)


Started GET "/javascripts/dragdrop.js" for 127.0.0.1 at 2018-12-17 08:57:48 -0800

ActionController::RoutingError (No route matches "/javascripts/dragdrop.js"):
  

Rendered /home/rodrigo/.rvm/gems/ruby-1.9.3-p551/gems/actionpack-3.0.20/lib/action_dispatch/middleware/templates/rescues/routing_error.erb within rescues/layout (1.1ms)


Started GET "/javascripts/controls.js" for 127.0.0.1 at 2018-12-17 08:57:48 -0800

ActionController::RoutingError (No route matches "/javascripts/controls.js"):
  

Rendered /home/rodrigo/.rvm/gems/ruby-1.9.3-p551/gems/actionpack-3.0.20/lib/action_dispatch/middleware/templates/rescues/routing_error.erb within rescues/layout (0.9ms)


Started GET "/javascripts/rails.js" for 127.0.0.1 at 2018-12-17 08:57:48 -0800

ActionController::RoutingError (No route matches "/javascripts/rails.js"):
  

Rendered /home/rodrigo/.rvm/gems/ruby-1.9.3-p551/gems/actionpack-3.0.20/lib/action_dispatch/middleware/templates/rescues/routing_error.erb within rescues/layout (1.0ms)


Started GET "/users/javascripts/jquery.min.js" for 127.0.0.1 at 2018-12-17 08:57:48 -0800

ActionController::RoutingError (No route matches "/users/javascripts/jquery.min.js"):
  

Rendered /home/rodrigo/.rvm/gems/ruby-1.9.3-p551/gems/actionpack-3.0.20/lib/action_dispatch/middleware/templates/rescues/routing_error.erb within rescues/layout (0.6ms)


Started GET "/javascripts/rails.js" for 127.0.0.1 at 2018-12-17 08:57:48 -0800

ActionController::RoutingError (No route matches "/javascripts/rails.js"):
  

Rendered /home/rodrigo/.rvm/gems/ruby-1.9.3-p551/gems/actionpack-3.0.20/lib/action_dispatch/middleware/templates/rescues/routing_error.erb within rescues/layout (2.3ms)


Started GET "/users/javascripts/jquery.min.js" for 127.0.0.1 at 2018-12-17 08:57:48 -0800

ActionController::RoutingError (No route matches "/users/javascripts/jquery.min.js"):
  

Rendered /home/rodrigo/.rvm/gems/ruby-1.9.3-p551/gems/actionpack-3.0.20/lib/action_dispatch/middleware/templates/rescues/routing_error.erb within rescues/layout (2.1ms)


Started GET "/users/sign_in" for 127.0.0.1 at 2018-12-17 08:57:51 -0800
  Processing by Devise::SessionsController#new as HTML
Rendered devise/shared/_links.erb (0.6ms)
Rendered devise/sessions/new.html.erb within layouts/application (38.7ms)
Completed 200 OK in 44ms (Views: 39.6ms | ActiveRecord: 0.0ms)


Started GET "/javascripts/prototype.js" for 127.0.0.1 at 2018-12-17 08:57:51 -0800

ActionController::RoutingError (No route matches "/javascripts/prototype.js"):
  

Rendered /home/rodrigo/.rvm/gems/ruby-1.9.3-p551/gems/actionpack-3.0.20/lib/action_dispatch/middleware/templates/rescues/routing_error.erb within rescues/layout (0.6ms)


Started GET "/javascripts/effects.js" for 127.0.0.1 at 2018-12-17 08:57:51 -0800

ActionController::RoutingError (No route matches "/javascripts/effects.js"):
  

Rendered /home/rodrigo/.rvm/gems/ruby-1.9.3-p551/gems/actionpack-3.0.20/lib/action_dispatch/middleware/templates/rescues/routing_error.erb within rescues/layout (1.7ms)


Started GET "/javascripts/dragdrop.js" for 127.0.0.1 at 2018-12-17 08:57:51 -0800

ActionController::RoutingError (No route matches "/javascripts/dragdrop.js"):
  

Rendered /home/rodrigo/.rvm/gems/ruby-1.9.3-p551/gems/actionpack-3.0.20/lib/action_dispatch/middleware/templates/rescues/routing_error.erb within rescues/layout (0.6ms)


Started GET "/javascripts/controls.js" for 127.0.0.1 at 2018-12-17 08:57:51 -0800

ActionController::RoutingError (No route matches "/javascripts/controls.js"):
  

Rendered /home/rodrigo/.rvm/gems/ruby-1.9.3-p551/gems/actionpack-3.0.20/lib/action_dispatch/middleware/templates/rescues/routing_error.erb within rescues/layout (0.6ms)


Started GET "/javascripts/rails.js" for 127.0.0.1 at 2018-12-17 08:57:51 -0800

ActionController::RoutingError (No route matches "/javascripts/rails.js"):
  

Rendered /home/rodrigo/.rvm/gems/ruby-1.9.3-p551/gems/actionpack-3.0.20/lib/action_dispatch/middleware/templates/rescues/routing_error.erb within rescues/layout (0.9ms)


Started GET "/users/javascripts/jquery.min.js" for 127.0.0.1 at 2018-12-17 08:57:51 -0800

ActionController::RoutingError (No route matches "/users/javascripts/jquery.min.js"):
  

Rendered /home/rodrigo/.rvm/gems/ruby-1.9.3-p551/gems/actionpack-3.0.20/lib/action_dispatch/middleware/templates/rescues/routing_error.erb within rescues/layout (0.6ms)


Started GET "/javascripts/dragdrop.js" for 127.0.0.1 at 2018-12-17 08:57:51 -0800

ActionController::RoutingError (No route matches "/javascripts/dragdrop.js"):
  

Rendered /home/rodrigo/.rvm/gems/ruby-1.9.3-p551/gems/actionpack-3.0.20/lib/action_dispatch/middleware/templates/rescues/routing_error.erb within rescues/layout (1.3ms)


Started GET "/javascripts/controls.js" for 127.0.0.1 at 2018-12-17 08:57:52 -0800

ActionController::RoutingError (No route matches "/javascripts/controls.js"):
  

Rendered /home/rodrigo/.rvm/gems/ruby-1.9.3-p551/gems/actionpack-3.0.20/lib/action_dispatch/middleware/templates/rescues/routing_error.erb within rescues/layout (0.6ms)


Started GET "/javascripts/rails.js" for 127.0.0.1 at 2018-12-17 08:57:52 -0800

ActionController::RoutingError (No route matches "/javascripts/rails.js"):
  

Rendered /home/rodrigo/.rvm/gems/ruby-1.9.3-p551/gems/actionpack-3.0.20/lib/action_dispatch/middleware/templates/rescues/routing_error.erb within rescues/layout (0.6ms)


Started GET "/users/javascripts/jquery.min.js" for 127.0.0.1 at 2018-12-17 08:57:52 -0800

ActionController::RoutingError (No route matches "/users/javascripts/jquery.min.js"):
  

Rendered /home/rodrigo/.rvm/gems/ruby-1.9.3-p551/gems/actionpack-3.0.20/lib/action_dispatch/middleware/templates/rescues/routing_error.erb within rescues/layout (0.6ms)


Started GET "/users/sign_in" for 127.0.0.1 at 2018-12-17 08:58:50 -0800
  Processing by Devise::SessionsController#new as HTML
Rendered devise/shared/_links.erb (1.0ms)
Rendered devise/sessions/new.html.erb within layouts/application (398.8ms)
Completed 200 OK in 459ms (Views: 399.7ms | ActiveRecord: 0.0ms)


Started GET "/javascripts/prototype.js" for 127.0.0.1 at 2018-12-17 08:58:51 -0800

ActionController::RoutingError (No route matches "/javascripts/prototype.js"):
  

Rendered /home/rodrigo/.rvm/gems/ruby-1.9.3-p551/gems/actionpack-3.0.20/lib/action_dispatch/middleware/templates/rescues/routing_error.erb within rescues/layout (1.5ms)


Started GET "/javascripts/effects.js" for 127.0.0.1 at 2018-12-17 08:58:51 -0800

ActionController::RoutingError (No route matches "/javascripts/effects.js"):
  

Rendered /home/rodrigo/.rvm/gems/ruby-1.9.3-p551/gems/actionpack-3.0.20/lib/action_dispatch/middleware/templates/rescues/routing_error.erb within rescues/layout (12.3ms)


Started GET "/javascripts/dragdrop.js" for 127.0.0.1 at 2018-12-17 08:58:51 -0800

ActionController::RoutingError (No route matches "/javascripts/dragdrop.js"):
  

Rendered /home/rodrigo/.rvm/gems/ruby-1.9.3-p551/gems/actionpack-3.0.20/lib/action_dispatch/middleware/templates/rescues/routing_error.erb within rescues/layout (11.7ms)


Started GET "/javascripts/controls.js" for 127.0.0.1 at 2018-12-17 08:58:51 -0800

ActionController::RoutingError (No route matches "/javascripts/controls.js"):
  

Rendered /home/rodrigo/.rvm/gems/ruby-1.9.3-p551/gems/actionpack-3.0.20/lib/action_dispatch/middleware/templates/rescues/routing_error.erb within rescues/layout (10.8ms)


Started GET "/javascripts/rails.js" for 127.0.0.1 at 2018-12-17 08:58:51 -0800

ActionController::RoutingError (No route matches "/javascripts/rails.js"):
  

Rendered /home/rodrigo/.rvm/gems/ruby-1.9.3-p551/gems/actionpack-3.0.20/lib/action_dispatch/middleware/templates/rescues/routing_error.erb within rescues/layout (6.2ms)


Started GET "/users/javascripts/jquery.min.js" for 127.0.0.1 at 2018-12-17 08:58:51 -0800

ActionController::RoutingError (No route matches "/users/javascripts/jquery.min.js"):
  

Rendered /home/rodrigo/.rvm/gems/ruby-1.9.3-p551/gems/actionpack-3.0.20/lib/action_dispatch/middleware/templates/rescues/routing_error.erb within rescues/layout (1.2ms)


Started GET "/javascripts/dragdrop.js" for 127.0.0.1 at 2018-12-17 08:58:51 -0800

ActionController::RoutingError (No route matches "/javascripts/dragdrop.js"):
  

Rendered /home/rodrigo/.rvm/gems/ruby-1.9.3-p551/gems/actionpack-3.0.20/lib/action_dispatch/middleware/templates/rescues/routing_error.erb within rescues/layout (1.5ms)


Started GET "/javascripts/controls.js" for 127.0.0.1 at 2018-12-17 08:58:51 -0800

ActionController::RoutingError (No route matches "/javascripts/controls.js"):
  

Rendered /home/rodrigo/.rvm/gems/ruby-1.9.3-p551/gems/actionpack-3.0.20/lib/action_dispatch/middleware/templates/rescues/routing_error.erb within rescues/layout (2.9ms)


Started GET "/javascripts/rails.js" for 127.0.0.1 at 2018-12-17 08:58:51 -0800

ActionController::RoutingError (No route matches "/javascripts/rails.js"):
  

Rendered /home/rodrigo/.rvm/gems/ruby-1.9.3-p551/gems/actionpack-3.0.20/lib/action_dispatch/middleware/templates/rescues/routing_error.erb within rescues/layout (1.0ms)


Started GET "/users/javascripts/jquery.min.js" for 127.0.0.1 at 2018-12-17 08:58:52 -0800

ActionController::RoutingError (No route matches "/users/javascripts/jquery.min.js"):
  

Rendered /home/rodrigo/.rvm/gems/ruby-1.9.3-p551/gems/actionpack-3.0.20/lib/action_dispatch/middleware/templates/rescues/routing_error.erb within rescues/layout (1.4ms)
