Writing PID to tmp/pids/thin.pid
Using rack adapter
Thin web server (v1.6.3 codename Protein Powder)
Maximum connections set to 1024
Listening on 0.0.0.0:3000, CTRL+C to stop
bundler: failed to load command: thin (/usr/local/bin/thin)
RuntimeError: no acceptor (port is in use or requires root privileges)
  /var/lib/gems/1.9.1/gems/eventmachine-1.0.7/lib/eventmachine.rb:526:in `start_tcp_server'
  /var/lib/gems/1.9.1/gems/eventmachine-1.0.7/lib/eventmachine.rb:526:in `start_server'
  /var/lib/gems/1.9.1/gems/thin-1.6.3/lib/thin/backends/tcp_server.rb:16:in `connect'
  /var/lib/gems/1.9.1/gems/thin-1.6.3/lib/thin/backends/base.rb:63:in `block in start'
  /var/lib/gems/1.9.1/gems/eventmachine-1.0.7/lib/eventmachine.rb:187:in `call'
  /var/lib/gems/1.9.1/gems/eventmachine-1.0.7/lib/eventmachine.rb:187:in `run_machine'
  /var/lib/gems/1.9.1/gems/eventmachine-1.0.7/lib/eventmachine.rb:187:in `run'
  /var/lib/gems/1.9.1/gems/thin-1.6.3/lib/thin/backends/base.rb:73:in `start'
  /var/lib/gems/1.9.1/gems/thin-1.6.3/lib/thin/server.rb:162:in `start'
  /var/lib/gems/1.9.1/gems/thin-1.6.3/lib/thin/controllers/controller.rb:87:in `start'
  /var/lib/gems/1.9.1/gems/thin-1.6.3/lib/thin/runner.rb:200:in `run_command'
  /var/lib/gems/1.9.1/gems/thin-1.6.3/lib/thin/runner.rb:156:in `run!'
  /var/lib/gems/1.9.1/gems/thin-1.6.3/bin/thin:6:in `<top (required)>'
  /usr/local/bin/thin:23:in `load'
  /usr/local/bin/thin:23:in `<top (required)>'
Exiting!
Writing PID to tmp/pids/thin.pid
Using rack adapter
Thin web server (v1.6.3 codename Protein Powder)
Maximum connections set to 1024
Listening on 0.0.0.0:3000, CTRL+C to stop
Exiting!
Writing PID to tmp/pids/thin.pid
Using rack adapter
Thin web server (v1.6.3 codename Protein Powder)
Maximum connections set to 1024
Listening on 0.0.0.0:3000, CTRL+C to stop
Waiting for 1 connection(s) to finish, can take up to 30 sec, CTRL+C to stop now
Exiting!
Writing PID to tmp/pids/thin.pid
Using rack adapter
Thin web server (v1.6.3 codename Protein Powder)
Maximum connections set to 1024
Listening on 0.0.0.0:3000, CTRL+C to stop
Exiting!
Writing PID to tmp/pids/thin.pid
Using rack adapter
Thin web server (v1.6.3 codename Protein Powder)
Maximum connections set to 1024
Listening on 0.0.0.0:3000, CTRL+C to stop
Exiting!
Writing PID to tmp/pids/thin.pid
Using rack adapter
Thin web server (v1.6.3 codename Protein Powder)
Maximum connections set to 1024
Listening on 0.0.0.0:3000, CTRL+C to stop
Invalid request: Invalid HTTP format, parsing fails.
	/var/lib/gems/1.9.1/gems/thin-1.6.3/lib/thin/request.rb:84:in `execute'
	/var/lib/gems/1.9.1/gems/thin-1.6.3/lib/thin/request.rb:84:in `parse'
	/var/lib/gems/1.9.1/gems/thin-1.6.3/lib/thin/connection.rb:39:in `receive_data'
	/var/lib/gems/1.9.1/gems/eventmachine-1.0.7/lib/eventmachine.rb:187:in `run_machine'
	/var/lib/gems/1.9.1/gems/eventmachine-1.0.7/lib/eventmachine.rb:187:in `run'
	/var/lib/gems/1.9.1/gems/thin-1.6.3/lib/thin/backends/base.rb:73:in `start'
	/var/lib/gems/1.9.1/gems/thin-1.6.3/lib/thin/server.rb:162:in `start'
	/var/lib/gems/1.9.1/gems/thin-1.6.3/lib/thin/controllers/controller.rb:87:in `start'
	/var/lib/gems/1.9.1/gems/thin-1.6.3/lib/thin/runner.rb:200:in `run_command'
	/var/lib/gems/1.9.1/gems/thin-1.6.3/lib/thin/runner.rb:156:in `run!'
	/var/lib/gems/1.9.1/gems/thin-1.6.3/bin/thin:6:in `<top (required)>'
	/usr/local/bin/thin:23:in `load'
	/usr/local/bin/thin:23:in `<top (required)>'
	/var/lib/gems/1.9.1/gems/bundler-1.13.6/lib/bundler/cli/exec.rb:74:in `load'
	/var/lib/gems/1.9.1/gems/bundler-1.13.6/lib/bundler/cli/exec.rb:74:in `kernel_load'
	/var/lib/gems/1.9.1/gems/bundler-1.13.6/lib/bundler/cli/exec.rb:27:in `run'
	/var/lib/gems/1.9.1/gems/bundler-1.13.6/lib/bundler/cli.rb:332:in `exec'
	/var/lib/gems/1.9.1/gems/bundler-1.13.6/lib/bundler/vendor/thor/lib/thor/command.rb:27:in `run'
	/var/lib/gems/1.9.1/gems/bundler-1.13.6/lib/bundler/vendor/thor/lib/thor/invocation.rb:126:in `invoke_command'
	/var/lib/gems/1.9.1/gems/bundler-1.13.6/lib/bundler/vendor/thor/lib/thor.rb:359:in `dispatch'
	/var/lib/gems/1.9.1/gems/bundler-1.13.6/lib/bundler/cli.rb:20:in `dispatch'
	/var/lib/gems/1.9.1/gems/bundler-1.13.6/lib/bundler/vendor/thor/lib/thor/base.rb:440:in `start'
	/var/lib/gems/1.9.1/gems/bundler-1.13.6/lib/bundler/cli.rb:11:in `start'
	/var/lib/gems/1.9.1/gems/bundler-1.13.6/exe/bundle:34:in `block in <top (required)>'
	/var/lib/gems/1.9.1/gems/bundler-1.13.6/lib/bundler/friendly_errors.rb:100:in `with_friendly_errors'
	/var/lib/gems/1.9.1/gems/bundler-1.13.6/exe/bundle:26:in `<top (required)>'
	/usr/local/bin/bundle:23:in `load'
	/usr/local/bin/bundle:23:in `<main>'

Exiting!
Writing PID to tmp/pids/thin.pid
Using rack adapter
Thin web server (v1.6.3 codename Protein Powder)
Maximum connections set to 1024
Listening on 0.0.0.0:3000, CTRL+C to stop
Invalid request: Invalid HTTP format, parsing fails.
	/var/lib/gems/1.9.1/gems/thin-1.6.3/lib/thin/request.rb:84:in `execute'
	/var/lib/gems/1.9.1/gems/thin-1.6.3/lib/thin/request.rb:84:in `parse'
	/var/lib/gems/1.9.1/gems/thin-1.6.3/lib/thin/connection.rb:39:in `receive_data'
	/var/lib/gems/1.9.1/gems/eventmachine-1.0.7/lib/eventmachine.rb:187:in `run_machine'
	/var/lib/gems/1.9.1/gems/eventmachine-1.0.7/lib/eventmachine.rb:187:in `run'
	/var/lib/gems/1.9.1/gems/thin-1.6.3/lib/thin/backends/base.rb:73:in `start'
	/var/lib/gems/1.9.1/gems/thin-1.6.3/lib/thin/server.rb:162:in `start'
	/var/lib/gems/1.9.1/gems/thin-1.6.3/lib/thin/controllers/controller.rb:87:in `start'
	/var/lib/gems/1.9.1/gems/thin-1.6.3/lib/thin/runner.rb:200:in `run_command'
	/var/lib/gems/1.9.1/gems/thin-1.6.3/lib/thin/runner.rb:156:in `run!'
	/var/lib/gems/1.9.1/gems/thin-1.6.3/bin/thin:6:in `<top (required)>'
	/usr/local/bin/thin:23:in `load'
	/usr/local/bin/thin:23:in `<top (required)>'
	/var/lib/gems/1.9.1/gems/bundler-1.13.6/lib/bundler/cli/exec.rb:74:in `load'
	/var/lib/gems/1.9.1/gems/bundler-1.13.6/lib/bundler/cli/exec.rb:74:in `kernel_load'
	/var/lib/gems/1.9.1/gems/bundler-1.13.6/lib/bundler/cli/exec.rb:27:in `run'
	/var/lib/gems/1.9.1/gems/bundler-1.13.6/lib/bundler/cli.rb:332:in `exec'
	/var/lib/gems/1.9.1/gems/bundler-1.13.6/lib/bundler/vendor/thor/lib/thor/command.rb:27:in `run'
	/var/lib/gems/1.9.1/gems/bundler-1.13.6/lib/bundler/vendor/thor/lib/thor/invocation.rb:126:in `invoke_command'
	/var/lib/gems/1.9.1/gems/bundler-1.13.6/lib/bundler/vendor/thor/lib/thor.rb:359:in `dispatch'
	/var/lib/gems/1.9.1/gems/bundler-1.13.6/lib/bundler/cli.rb:20:in `dispatch'
	/var/lib/gems/1.9.1/gems/bundler-1.13.6/lib/bundler/vendor/thor/lib/thor/base.rb:440:in `start'
	/var/lib/gems/1.9.1/gems/bundler-1.13.6/lib/bundler/cli.rb:11:in `start'
	/var/lib/gems/1.9.1/gems/bundler-1.13.6/exe/bundle:34:in `block in <top (required)>'
	/var/lib/gems/1.9.1/gems/bundler-1.13.6/lib/bundler/friendly_errors.rb:100:in `with_friendly_errors'
	/var/lib/gems/1.9.1/gems/bundler-1.13.6/exe/bundle:26:in `<top (required)>'
	/usr/local/bin/bundle:23:in `load'
	/usr/local/bin/bundle:23:in `<main>'

Invalid request: Invalid HTTP format, parsing fails.
	/var/lib/gems/1.9.1/gems/thin-1.6.3/lib/thin/request.rb:84:in `execute'
	/var/lib/gems/1.9.1/gems/thin-1.6.3/lib/thin/request.rb:84:in `parse'
	/var/lib/gems/1.9.1/gems/thin-1.6.3/lib/thin/connection.rb:39:in `receive_data'
	/var/lib/gems/1.9.1/gems/eventmachine-1.0.7/lib/eventmachine.rb:187:in `run_machine'
	/var/lib/gems/1.9.1/gems/eventmachine-1.0.7/lib/eventmachine.rb:187:in `run'
	/var/lib/gems/1.9.1/gems/thin-1.6.3/lib/thin/backends/base.rb:73:in `start'
	/var/lib/gems/1.9.1/gems/thin-1.6.3/lib/thin/server.rb:162:in `start'
	/var/lib/gems/1.9.1/gems/thin-1.6.3/lib/thin/controllers/controller.rb:87:in `start'
	/var/lib/gems/1.9.1/gems/thin-1.6.3/lib/thin/runner.rb:200:in `run_command'
	/var/lib/gems/1.9.1/gems/thin-1.6.3/lib/thin/runner.rb:156:in `run!'
	/var/lib/gems/1.9.1/gems/thin-1.6.3/bin/thin:6:in `<top (required)>'
	/usr/local/bin/thin:23:in `load'
	/usr/local/bin/thin:23:in `<top (required)>'
	/var/lib/gems/1.9.1/gems/bundler-1.13.6/lib/bundler/cli/exec.rb:74:in `load'
	/var/lib/gems/1.9.1/gems/bundler-1.13.6/lib/bundler/cli/exec.rb:74:in `kernel_load'
	/var/lib/gems/1.9.1/gems/bundler-1.13.6/lib/bundler/cli/exec.rb:27:in `run'
	/var/lib/gems/1.9.1/gems/bundler-1.13.6/lib/bundler/cli.rb:332:in `exec'
	/var/lib/gems/1.9.1/gems/bundler-1.13.6/lib/bundler/vendor/thor/lib/thor/command.rb:27:in `run'
	/var/lib/gems/1.9.1/gems/bundler-1.13.6/lib/bundler/vendor/thor/lib/thor/invocation.rb:126:in `invoke_command'
	/var/lib/gems/1.9.1/gems/bundler-1.13.6/lib/bundler/vendor/thor/lib/thor.rb:359:in `dispatch'
	/var/lib/gems/1.9.1/gems/bundler-1.13.6/lib/bundler/cli.rb:20:in `dispatch'
	/var/lib/gems/1.9.1/gems/bundler-1.13.6/lib/bundler/vendor/thor/lib/thor/base.rb:440:in `start'
	/var/lib/gems/1.9.1/gems/bundler-1.13.6/lib/bundler/cli.rb:11:in `start'
	/var/lib/gems/1.9.1/gems/bundler-1.13.6/exe/bundle:34:in `block in <top (required)>'
	/var/lib/gems/1.9.1/gems/bundler-1.13.6/lib/bundler/friendly_errors.rb:100:in `with_friendly_errors'
	/var/lib/gems/1.9.1/gems/bundler-1.13.6/exe/bundle:26:in `<top (required)>'
	/usr/local/bin/bundle:23:in `load'
	/usr/local/bin/bundle:23:in `<main>'

Invalid request: Invalid HTTP format, parsing fails.
	/var/lib/gems/1.9.1/gems/thin-1.6.3/lib/thin/request.rb:84:in `execute'
	/var/lib/gems/1.9.1/gems/thin-1.6.3/lib/thin/request.rb:84:in `parse'
	/var/lib/gems/1.9.1/gems/thin-1.6.3/lib/thin/connection.rb:39:in `receive_data'
	/var/lib/gems/1.9.1/gems/eventmachine-1.0.7/lib/eventmachine.rb:187:in `run_machine'
	/var/lib/gems/1.9.1/gems/eventmachine-1.0.7/lib/eventmachine.rb:187:in `run'
	/var/lib/gems/1.9.1/gems/thin-1.6.3/lib/thin/backends/base.rb:73:in `start'
	/var/lib/gems/1.9.1/gems/thin-1.6.3/lib/thin/server.rb:162:in `start'
	/var/lib/gems/1.9.1/gems/thin-1.6.3/lib/thin/controllers/controller.rb:87:in `start'
	/var/lib/gems/1.9.1/gems/thin-1.6.3/lib/thin/runner.rb:200:in `run_command'
	/var/lib/gems/1.9.1/gems/thin-1.6.3/lib/thin/runner.rb:156:in `run!'
	/var/lib/gems/1.9.1/gems/thin-1.6.3/bin/thin:6:in `<top (required)>'
	/usr/local/bin/thin:23:in `load'
	/usr/local/bin/thin:23:in `<top (required)>'
	/var/lib/gems/1.9.1/gems/bundler-1.13.6/lib/bundler/cli/exec.rb:74:in `load'
	/var/lib/gems/1.9.1/gems/bundler-1.13.6/lib/bundler/cli/exec.rb:74:in `kernel_load'
	/var/lib/gems/1.9.1/gems/bundler-1.13.6/lib/bundler/cli/exec.rb:27:in `run'
	/var/lib/gems/1.9.1/gems/bundler-1.13.6/lib/bundler/cli.rb:332:in `exec'
	/var/lib/gems/1.9.1/gems/bundler-1.13.6/lib/bundler/vendor/thor/lib/thor/command.rb:27:in `run'
	/var/lib/gems/1.9.1/gems/bundler-1.13.6/lib/bundler/vendor/thor/lib/thor/invocation.rb:126:in `invoke_command'
	/var/lib/gems/1.9.1/gems/bundler-1.13.6/lib/bundler/vendor/thor/lib/thor.rb:359:in `dispatch'
	/var/lib/gems/1.9.1/gems/bundler-1.13.6/lib/bundler/cli.rb:20:in `dispatch'
	/var/lib/gems/1.9.1/gems/bundler-1.13.6/lib/bundler/vendor/thor/lib/thor/base.rb:440:in `start'
	/var/lib/gems/1.9.1/gems/bundler-1.13.6/lib/bundler/cli.rb:11:in `start'
	/var/lib/gems/1.9.1/gems/bundler-1.13.6/exe/bundle:34:in `block in <top (required)>'
	/var/lib/gems/1.9.1/gems/bundler-1.13.6/lib/bundler/friendly_errors.rb:100:in `with_friendly_errors'
	/var/lib/gems/1.9.1/gems/bundler-1.13.6/exe/bundle:26:in `<top (required)>'
	/usr/local/bin/bundle:23:in `load'
	/usr/local/bin/bundle:23:in `<main>'

Exiting!
Writing PID to tmp/pids/thin.pid
Using rack adapter
Thin web server (v1.6.3 codename Protein Powder)
Maximum connections set to 1024
Listening on 0.0.0.0:3000, CTRL+C to stop
Exiting!
Writing PID to tmp/pids/thin.pid
Using rack adapter
Thin web server (v1.6.3 codename Protein Powder)
Maximum connections set to 1024
Listening on 0.0.0.0:3000, CTRL+C to stop
Invalid request: Invalid HTTP format, parsing fails.
	/var/lib/gems/1.9.1/gems/thin-1.6.3/lib/thin/request.rb:84:in `execute'
	/var/lib/gems/1.9.1/gems/thin-1.6.3/lib/thin/request.rb:84:in `parse'
	/var/lib/gems/1.9.1/gems/thin-1.6.3/lib/thin/connection.rb:39:in `receive_data'
	/var/lib/gems/1.9.1/gems/eventmachine-1.0.7/lib/eventmachine.rb:187:in `run_machine'
	/var/lib/gems/1.9.1/gems/eventmachine-1.0.7/lib/eventmachine.rb:187:in `run'
	/var/lib/gems/1.9.1/gems/thin-1.6.3/lib/thin/backends/base.rb:73:in `start'
	/var/lib/gems/1.9.1/gems/thin-1.6.3/lib/thin/server.rb:162:in `start'
	/var/lib/gems/1.9.1/gems/thin-1.6.3/lib/thin/controllers/controller.rb:87:in `start'
	/var/lib/gems/1.9.1/gems/thin-1.6.3/lib/thin/runner.rb:200:in `run_command'
	/var/lib/gems/1.9.1/gems/thin-1.6.3/lib/thin/runner.rb:156:in `run!'
	/var/lib/gems/1.9.1/gems/thin-1.6.3/bin/thin:6:in `<top (required)>'
	/usr/local/bin/thin:23:in `load'
	/usr/local/bin/thin:23:in `<top (required)>'
	/var/lib/gems/1.9.1/gems/bundler-1.13.6/lib/bundler/cli/exec.rb:74:in `load'
	/var/lib/gems/1.9.1/gems/bundler-1.13.6/lib/bundler/cli/exec.rb:74:in `kernel_load'
	/var/lib/gems/1.9.1/gems/bundler-1.13.6/lib/bundler/cli/exec.rb:27:in `run'
	/var/lib/gems/1.9.1/gems/bundler-1.13.6/lib/bundler/cli.rb:332:in `exec'
	/var/lib/gems/1.9.1/gems/bundler-1.13.6/lib/bundler/vendor/thor/lib/thor/command.rb:27:in `run'
	/var/lib/gems/1.9.1/gems/bundler-1.13.6/lib/bundler/vendor/thor/lib/thor/invocation.rb:126:in `invoke_command'
	/var/lib/gems/1.9.1/gems/bundler-1.13.6/lib/bundler/vendor/thor/lib/thor.rb:359:in `dispatch'
	/var/lib/gems/1.9.1/gems/bundler-1.13.6/lib/bundler/cli.rb:20:in `dispatch'
	/var/lib/gems/1.9.1/gems/bundler-1.13.6/lib/bundler/vendor/thor/lib/thor/base.rb:440:in `start'
	/var/lib/gems/1.9.1/gems/bundler-1.13.6/lib/bundler/cli.rb:11:in `start'
	/var/lib/gems/1.9.1/gems/bundler-1.13.6/exe/bundle:34:in `block in <top (required)>'
	/var/lib/gems/1.9.1/gems/bundler-1.13.6/lib/bundler/friendly_errors.rb:100:in `with_friendly_errors'
	/var/lib/gems/1.9.1/gems/bundler-1.13.6/exe/bundle:26:in `<top (required)>'
	/usr/local/bin/bundle:23:in `load'
	/usr/local/bin/bundle:23:in `<main>'

Invalid request: Invalid HTTP format, parsing fails.
	/var/lib/gems/1.9.1/gems/thin-1.6.3/lib/thin/request.rb:84:in `execute'
	/var/lib/gems/1.9.1/gems/thin-1.6.3/lib/thin/request.rb:84:in `parse'
	/var/lib/gems/1.9.1/gems/thin-1.6.3/lib/thin/connection.rb:39:in `receive_data'
	/var/lib/gems/1.9.1/gems/eventmachine-1.0.7/lib/eventmachine.rb:187:in `run_machine'
	/var/lib/gems/1.9.1/gems/eventmachine-1.0.7/lib/eventmachine.rb:187:in `run'
	/var/lib/gems/1.9.1/gems/thin-1.6.3/lib/thin/backends/base.rb:73:in `start'
	/var/lib/gems/1.9.1/gems/thin-1.6.3/lib/thin/server.rb:162:in `start'
	/var/lib/gems/1.9.1/gems/thin-1.6.3/lib/thin/controllers/controller.rb:87:in `start'
	/var/lib/gems/1.9.1/gems/thin-1.6.3/lib/thin/runner.rb:200:in `run_command'
	/var/lib/gems/1.9.1/gems/thin-1.6.3/lib/thin/runner.rb:156:in `run!'
	/var/lib/gems/1.9.1/gems/thin-1.6.3/bin/thin:6:in `<top (required)>'
	/usr/local/bin/thin:23:in `load'
	/usr/local/bin/thin:23:in `<top (required)>'
	/var/lib/gems/1.9.1/gems/bundler-1.13.6/lib/bundler/cli/exec.rb:74:in `load'
	/var/lib/gems/1.9.1/gems/bundler-1.13.6/lib/bundler/cli/exec.rb:74:in `kernel_load'
	/var/lib/gems/1.9.1/gems/bundler-1.13.6/lib/bundler/cli/exec.rb:27:in `run'
	/var/lib/gems/1.9.1/gems/bundler-1.13.6/lib/bundler/cli.rb:332:in `exec'
	/var/lib/gems/1.9.1/gems/bundler-1.13.6/lib/bundler/vendor/thor/lib/thor/command.rb:27:in `run'
	/var/lib/gems/1.9.1/gems/bundler-1.13.6/lib/bundler/vendor/thor/lib/thor/invocation.rb:126:in `invoke_command'
	/var/lib/gems/1.9.1/gems/bundler-1.13.6/lib/bundler/vendor/thor/lib/thor.rb:359:in `dispatch'
	/var/lib/gems/1.9.1/gems/bundler-1.13.6/lib/bundler/cli.rb:20:in `dispatch'
	/var/lib/gems/1.9.1/gems/bundler-1.13.6/lib/bundler/vendor/thor/lib/thor/base.rb:440:in `start'
	/var/lib/gems/1.9.1/gems/bundler-1.13.6/lib/bundler/cli.rb:11:in `start'
	/var/lib/gems/1.9.1/gems/bundler-1.13.6/exe/bundle:34:in `block in <top (required)>'
	/var/lib/gems/1.9.1/gems/bundler-1.13.6/lib/bundler/friendly_errors.rb:100:in `with_friendly_errors'
	/var/lib/gems/1.9.1/gems/bundler-1.13.6/exe/bundle:26:in `<top (required)>'
	/usr/local/bin/bundle:23:in `load'
	/usr/local/bin/bundle:23:in `<main>'

Invalid request: Invalid HTTP format, parsing fails.
	/var/lib/gems/1.9.1/gems/thin-1.6.3/lib/thin/request.rb:84:in `execute'
	/var/lib/gems/1.9.1/gems/thin-1.6.3/lib/thin/request.rb:84:in `parse'
	/var/lib/gems/1.9.1/gems/thin-1.6.3/lib/thin/connection.rb:39:in `receive_data'
	/var/lib/gems/1.9.1/gems/eventmachine-1.0.7/lib/eventmachine.rb:187:in `run_machine'
	/var/lib/gems/1.9.1/gems/eventmachine-1.0.7/lib/eventmachine.rb:187:in `run'
	/var/lib/gems/1.9.1/gems/thin-1.6.3/lib/thin/backends/base.rb:73:in `start'
	/var/lib/gems/1.9.1/gems/thin-1.6.3/lib/thin/server.rb:162:in `start'
	/var/lib/gems/1.9.1/gems/thin-1.6.3/lib/thin/controllers/controller.rb:87:in `start'
	/var/lib/gems/1.9.1/gems/thin-1.6.3/lib/thin/runner.rb:200:in `run_command'
	/var/lib/gems/1.9.1/gems/thin-1.6.3/lib/thin/runner.rb:156:in `run!'
	/var/lib/gems/1.9.1/gems/thin-1.6.3/bin/thin:6:in `<top (required)>'
	/usr/local/bin/thin:23:in `load'
	/usr/local/bin/thin:23:in `<top (required)>'
	/var/lib/gems/1.9.1/gems/bundler-1.13.6/lib/bundler/cli/exec.rb:74:in `load'
	/var/lib/gems/1.9.1/gems/bundler-1.13.6/lib/bundler/cli/exec.rb:74:in `kernel_load'
	/var/lib/gems/1.9.1/gems/bundler-1.13.6/lib/bundler/cli/exec.rb:27:in `run'
	/var/lib/gems/1.9.1/gems/bundler-1.13.6/lib/bundler/cli.rb:332:in `exec'
	/var/lib/gems/1.9.1/gems/bundler-1.13.6/lib/bundler/vendor/thor/lib/thor/command.rb:27:in `run'
	/var/lib/gems/1.9.1/gems/bundler-1.13.6/lib/bundler/vendor/thor/lib/thor/invocation.rb:126:in `invoke_command'
	/var/lib/gems/1.9.1/gems/bundler-1.13.6/lib/bundler/vendor/thor/lib/thor.rb:359:in `dispatch'
	/var/lib/gems/1.9.1/gems/bundler-1.13.6/lib/bundler/cli.rb:20:in `dispatch'
	/var/lib/gems/1.9.1/gems/bundler-1.13.6/lib/bundler/vendor/thor/lib/thor/base.rb:440:in `start'
	/var/lib/gems/1.9.1/gems/bundler-1.13.6/lib/bundler/cli.rb:11:in `start'
	/var/lib/gems/1.9.1/gems/bundler-1.13.6/exe/bundle:34:in `block in <top (required)>'
	/var/lib/gems/1.9.1/gems/bundler-1.13.6/lib/bundler/friendly_errors.rb:100:in `with_friendly_errors'
	/var/lib/gems/1.9.1/gems/bundler-1.13.6/exe/bundle:26:in `<top (required)>'
	/usr/local/bin/bundle:23:in `load'
	/usr/local/bin/bundle:23:in `<main>'

Invalid request: Invalid HTTP format, parsing fails.
	/var/lib/gems/1.9.1/gems/thin-1.6.3/lib/thin/request.rb:84:in `execute'
	/var/lib/gems/1.9.1/gems/thin-1.6.3/lib/thin/request.rb:84:in `parse'
	/var/lib/gems/1.9.1/gems/thin-1.6.3/lib/thin/connection.rb:39:in `receive_data'
	/var/lib/gems/1.9.1/gems/eventmachine-1.0.7/lib/eventmachine.rb:187:in `run_machine'
	/var/lib/gems/1.9.1/gems/eventmachine-1.0.7/lib/eventmachine.rb:187:in `run'
	/var/lib/gems/1.9.1/gems/thin-1.6.3/lib/thin/backends/base.rb:73:in `start'
	/var/lib/gems/1.9.1/gems/thin-1.6.3/lib/thin/server.rb:162:in `start'
	/var/lib/gems/1.9.1/gems/thin-1.6.3/lib/thin/controllers/controller.rb:87:in `start'
	/var/lib/gems/1.9.1/gems/thin-1.6.3/lib/thin/runner.rb:200:in `run_command'
	/var/lib/gems/1.9.1/gems/thin-1.6.3/lib/thin/runner.rb:156:in `run!'
	/var/lib/gems/1.9.1/gems/thin-1.6.3/bin/thin:6:in `<top (required)>'
	/usr/local/bin/thin:23:in `load'
	/usr/local/bin/thin:23:in `<top (required)>'
	/var/lib/gems/1.9.1/gems/bundler-1.13.6/lib/bundler/cli/exec.rb:74:in `load'
	/var/lib/gems/1.9.1/gems/bundler-1.13.6/lib/bundler/cli/exec.rb:74:in `kernel_load'
	/var/lib/gems/1.9.1/gems/bundler-1.13.6/lib/bundler/cli/exec.rb:27:in `run'
	/var/lib/gems/1.9.1/gems/bundler-1.13.6/lib/bundler/cli.rb:332:in `exec'
	/var/lib/gems/1.9.1/gems/bundler-1.13.6/lib/bundler/vendor/thor/lib/thor/command.rb:27:in `run'
	/var/lib/gems/1.9.1/gems/bundler-1.13.6/lib/bundler/vendor/thor/lib/thor/invocation.rb:126:in `invoke_command'
	/var/lib/gems/1.9.1/gems/bundler-1.13.6/lib/bundler/vendor/thor/lib/thor.rb:359:in `dispatch'
	/var/lib/gems/1.9.1/gems/bundler-1.13.6/lib/bundler/cli.rb:20:in `dispatch'
	/var/lib/gems/1.9.1/gems/bundler-1.13.6/lib/bundler/vendor/thor/lib/thor/base.rb:440:in `start'
	/var/lib/gems/1.9.1/gems/bundler-1.13.6/lib/bundler/cli.rb:11:in `start'
	/var/lib/gems/1.9.1/gems/bundler-1.13.6/exe/bundle:34:in `block in <top (required)>'
	/var/lib/gems/1.9.1/gems/bundler-1.13.6/lib/bundler/friendly_errors.rb:100:in `with_friendly_errors'
	/var/lib/gems/1.9.1/gems/bundler-1.13.6/exe/bundle:26:in `<top (required)>'
	/usr/local/bin/bundle:23:in `load'
	/usr/local/bin/bundle:23:in `<main>'

Invalid request: Invalid HTTP format, parsing fails.
	/var/lib/gems/1.9.1/gems/thin-1.6.3/lib/thin/request.rb:84:in `execute'
	/var/lib/gems/1.9.1/gems/thin-1.6.3/lib/thin/request.rb:84:in `parse'
	/var/lib/gems/1.9.1/gems/thin-1.6.3/lib/thin/connection.rb:39:in `receive_data'
	/var/lib/gems/1.9.1/gems/eventmachine-1.0.7/lib/eventmachine.rb:187:in `run_machine'
	/var/lib/gems/1.9.1/gems/eventmachine-1.0.7/lib/eventmachine.rb:187:in `run'
	/var/lib/gems/1.9.1/gems/thin-1.6.3/lib/thin/backends/base.rb:73:in `start'
	/var/lib/gems/1.9.1/gems/thin-1.6.3/lib/thin/server.rb:162:in `start'
	/var/lib/gems/1.9.1/gems/thin-1.6.3/lib/thin/controllers/controller.rb:87:in `start'
	/var/lib/gems/1.9.1/gems/thin-1.6.3/lib/thin/runner.rb:200:in `run_command'
	/var/lib/gems/1.9.1/gems/thin-1.6.3/lib/thin/runner.rb:156:in `run!'
	/var/lib/gems/1.9.1/gems/thin-1.6.3/bin/thin:6:in `<top (required)>'
	/usr/local/bin/thin:23:in `load'
	/usr/local/bin/thin:23:in `<top (required)>'
	/var/lib/gems/1.9.1/gems/bundler-1.13.6/lib/bundler/cli/exec.rb:74:in `load'
	/var/lib/gems/1.9.1/gems/bundler-1.13.6/lib/bundler/cli/exec.rb:74:in `kernel_load'
	/var/lib/gems/1.9.1/gems/bundler-1.13.6/lib/bundler/cli/exec.rb:27:in `run'
	/var/lib/gems/1.9.1/gems/bundler-1.13.6/lib/bundler/cli.rb:332:in `exec'
	/var/lib/gems/1.9.1/gems/bundler-1.13.6/lib/bundler/vendor/thor/lib/thor/command.rb:27:in `run'
	/var/lib/gems/1.9.1/gems/bundler-1.13.6/lib/bundler/vendor/thor/lib/thor/invocation.rb:126:in `invoke_command'
	/var/lib/gems/1.9.1/gems/bundler-1.13.6/lib/bundler/vendor/thor/lib/thor.rb:359:in `dispatch'
	/var/lib/gems/1.9.1/gems/bundler-1.13.6/lib/bundler/cli.rb:20:in `dispatch'
	/var/lib/gems/1.9.1/gems/bundler-1.13.6/lib/bundler/vendor/thor/lib/thor/base.rb:440:in `start'
	/var/lib/gems/1.9.1/gems/bundler-1.13.6/lib/bundler/cli.rb:11:in `start'
	/var/lib/gems/1.9.1/gems/bundler-1.13.6/exe/bundle:34:in `block in <top (required)>'
	/var/lib/gems/1.9.1/gems/bundler-1.13.6/lib/bundler/friendly_errors.rb:100:in `with_friendly_errors'
	/var/lib/gems/1.9.1/gems/bundler-1.13.6/exe/bundle:26:in `<top (required)>'
	/usr/local/bin/bundle:23:in `load'
	/usr/local/bin/bundle:23:in `<main>'

Exiting!
Writing PID to tmp/pids/thin.pid
Using rack adapter
Thin web server (v1.6.3 codename Protein Powder)
Maximum connections set to 1024
Listening on 0.0.0.0:3000, CTRL+C to stop
Exiting!
Writing PID to tmp/pids/thin.pid
Using rack adapter
Thin web server (v1.6.3 codename Protein Powder)
Maximum connections set to 1024
Listening on 0.0.0.0:3000, CTRL+C to stop
Invalid request: Invalid HTTP format, parsing fails.
	/var/lib/gems/1.9.1/gems/thin-1.6.3/lib/thin/request.rb:84:in `execute'
	/var/lib/gems/1.9.1/gems/thin-1.6.3/lib/thin/request.rb:84:in `parse'
	/var/lib/gems/1.9.1/gems/thin-1.6.3/lib/thin/connection.rb:39:in `receive_data'
	/var/lib/gems/1.9.1/gems/eventmachine-1.0.7/lib/eventmachine.rb:187:in `run_machine'
	/var/lib/gems/1.9.1/gems/eventmachine-1.0.7/lib/eventmachine.rb:187:in `run'
	/var/lib/gems/1.9.1/gems/thin-1.6.3/lib/thin/backends/base.rb:73:in `start'
	/var/lib/gems/1.9.1/gems/thin-1.6.3/lib/thin/server.rb:162:in `start'
	/var/lib/gems/1.9.1/gems/thin-1.6.3/lib/thin/controllers/controller.rb:87:in `start'
	/var/lib/gems/1.9.1/gems/thin-1.6.3/lib/thin/runner.rb:200:in `run_command'
	/var/lib/gems/1.9.1/gems/thin-1.6.3/lib/thin/runner.rb:156:in `run!'
	/var/lib/gems/1.9.1/gems/thin-1.6.3/bin/thin:6:in `<top (required)>'
	/usr/local/bin/thin:23:in `load'
	/usr/local/bin/thin:23:in `<top (required)>'
	/var/lib/gems/1.9.1/gems/bundler-1.13.6/lib/bundler/cli/exec.rb:74:in `load'
	/var/lib/gems/1.9.1/gems/bundler-1.13.6/lib/bundler/cli/exec.rb:74:in `kernel_load'
	/var/lib/gems/1.9.1/gems/bundler-1.13.6/lib/bundler/cli/exec.rb:27:in `run'
	/var/lib/gems/1.9.1/gems/bundler-1.13.6/lib/bundler/cli.rb:332:in `exec'
	/var/lib/gems/1.9.1/gems/bundler-1.13.6/lib/bundler/vendor/thor/lib/thor/command.rb:27:in `run'
	/var/lib/gems/1.9.1/gems/bundler-1.13.6/lib/bundler/vendor/thor/lib/thor/invocation.rb:126:in `invoke_command'
	/var/lib/gems/1.9.1/gems/bundler-1.13.6/lib/bundler/vendor/thor/lib/thor.rb:359:in `dispatch'
	/var/lib/gems/1.9.1/gems/bundler-1.13.6/lib/bundler/cli.rb:20:in `dispatch'
	/var/lib/gems/1.9.1/gems/bundler-1.13.6/lib/bundler/vendor/thor/lib/thor/base.rb:440:in `start'
	/var/lib/gems/1.9.1/gems/bundler-1.13.6/lib/bundler/cli.rb:11:in `start'
	/var/lib/gems/1.9.1/gems/bundler-1.13.6/exe/bundle:34:in `block in <top (required)>'
	/var/lib/gems/1.9.1/gems/bundler-1.13.6/lib/bundler/friendly_errors.rb:100:in `with_friendly_errors'
	/var/lib/gems/1.9.1/gems/bundler-1.13.6/exe/bundle:26:in `<top (required)>'
	/usr/local/bin/bundle:23:in `load'
	/usr/local/bin/bundle:23:in `<main>'

Invalid request: Invalid HTTP format, parsing fails.
	/var/lib/gems/1.9.1/gems/thin-1.6.3/lib/thin/request.rb:84:in `execute'
	/var/lib/gems/1.9.1/gems/thin-1.6.3/lib/thin/request.rb:84:in `parse'
	/var/lib/gems/1.9.1/gems/thin-1.6.3/lib/thin/connection.rb:39:in `receive_data'
	/var/lib/gems/1.9.1/gems/eventmachine-1.0.7/lib/eventmachine.rb:187:in `run_machine'
	/var/lib/gems/1.9.1/gems/eventmachine-1.0.7/lib/eventmachine.rb:187:in `run'
	/var/lib/gems/1.9.1/gems/thin-1.6.3/lib/thin/backends/base.rb:73:in `start'
	/var/lib/gems/1.9.1/gems/thin-1.6.3/lib/thin/server.rb:162:in `start'
	/var/lib/gems/1.9.1/gems/thin-1.6.3/lib/thin/controllers/controller.rb:87:in `start'
	/var/lib/gems/1.9.1/gems/thin-1.6.3/lib/thin/runner.rb:200:in `run_command'
	/var/lib/gems/1.9.1/gems/thin-1.6.3/lib/thin/runner.rb:156:in `run!'
	/var/lib/gems/1.9.1/gems/thin-1.6.3/bin/thin:6:in `<top (required)>'
	/usr/local/bin/thin:23:in `load'
	/usr/local/bin/thin:23:in `<top (required)>'
	/var/lib/gems/1.9.1/gems/bundler-1.13.6/lib/bundler/cli/exec.rb:74:in `load'
	/var/lib/gems/1.9.1/gems/bundler-1.13.6/lib/bundler/cli/exec.rb:74:in `kernel_load'
	/var/lib/gems/1.9.1/gems/bundler-1.13.6/lib/bundler/cli/exec.rb:27:in `run'
	/var/lib/gems/1.9.1/gems/bundler-1.13.6/lib/bundler/cli.rb:332:in `exec'
	/var/lib/gems/1.9.1/gems/bundler-1.13.6/lib/bundler/vendor/thor/lib/thor/command.rb:27:in `run'
	/var/lib/gems/1.9.1/gems/bundler-1.13.6/lib/bundler/vendor/thor/lib/thor/invocation.rb:126:in `invoke_command'
	/var/lib/gems/1.9.1/gems/bundler-1.13.6/lib/bundler/vendor/thor/lib/thor.rb:359:in `dispatch'
	/var/lib/gems/1.9.1/gems/bundler-1.13.6/lib/bundler/cli.rb:20:in `dispatch'
	/var/lib/gems/1.9.1/gems/bundler-1.13.6/lib/bundler/vendor/thor/lib/thor/base.rb:440:in `start'
	/var/lib/gems/1.9.1/gems/bundler-1.13.6/lib/bundler/cli.rb:11:in `start'
	/var/lib/gems/1.9.1/gems/bundler-1.13.6/exe/bundle:34:in `block in <top (required)>'
	/var/lib/gems/1.9.1/gems/bundler-1.13.6/lib/bundler/friendly_errors.rb:100:in `with_friendly_errors'
	/var/lib/gems/1.9.1/gems/bundler-1.13.6/exe/bundle:26:in `<top (required)>'
	/usr/local/bin/bundle:23:in `load'
	/usr/local/bin/bundle:23:in `<main>'

Invalid request: Invalid HTTP format, parsing fails.
	/var/lib/gems/1.9.1/gems/thin-1.6.3/lib/thin/request.rb:84:in `execute'
	/var/lib/gems/1.9.1/gems/thin-1.6.3/lib/thin/request.rb:84:in `parse'
	/var/lib/gems/1.9.1/gems/thin-1.6.3/lib/thin/connection.rb:39:in `receive_data'
	/var/lib/gems/1.9.1/gems/eventmachine-1.0.7/lib/eventmachine.rb:187:in `run_machine'
	/var/lib/gems/1.9.1/gems/eventmachine-1.0.7/lib/eventmachine.rb:187:in `run'
	/var/lib/gems/1.9.1/gems/thin-1.6.3/lib/thin/backends/base.rb:73:in `start'
	/var/lib/gems/1.9.1/gems/thin-1.6.3/lib/thin/server.rb:162:in `start'
	/var/lib/gems/1.9.1/gems/thin-1.6.3/lib/thin/controllers/controller.rb:87:in `start'
	/var/lib/gems/1.9.1/gems/thin-1.6.3/lib/thin/runner.rb:200:in `run_command'
	/var/lib/gems/1.9.1/gems/thin-1.6.3/lib/thin/runner.rb:156:in `run!'
	/var/lib/gems/1.9.1/gems/thin-1.6.3/bin/thin:6:in `<top (required)>'
	/usr/local/bin/thin:23:in `load'
	/usr/local/bin/thin:23:in `<top (required)>'
	/var/lib/gems/1.9.1/gems/bundler-1.13.6/lib/bundler/cli/exec.rb:74:in `load'
	/var/lib/gems/1.9.1/gems/bundler-1.13.6/lib/bundler/cli/exec.rb:74:in `kernel_load'
	/var/lib/gems/1.9.1/gems/bundler-1.13.6/lib/bundler/cli/exec.rb:27:in `run'
	/var/lib/gems/1.9.1/gems/bundler-1.13.6/lib/bundler/cli.rb:332:in `exec'
	/var/lib/gems/1.9.1/gems/bundler-1.13.6/lib/bundler/vendor/thor/lib/thor/command.rb:27:in `run'
	/var/lib/gems/1.9.1/gems/bundler-1.13.6/lib/bundler/vendor/thor/lib/thor/invocation.rb:126:in `invoke_command'
	/var/lib/gems/1.9.1/gems/bundler-1.13.6/lib/bundler/vendor/thor/lib/thor.rb:359:in `dispatch'
	/var/lib/gems/1.9.1/gems/bundler-1.13.6/lib/bundler/cli.rb:20:in `dispatch'
	/var/lib/gems/1.9.1/gems/bundler-1.13.6/lib/bundler/vendor/thor/lib/thor/base.rb:440:in `start'
	/var/lib/gems/1.9.1/gems/bundler-1.13.6/lib/bundler/cli.rb:11:in `start'
	/var/lib/gems/1.9.1/gems/bundler-1.13.6/exe/bundle:34:in `block in <top (required)>'
	/var/lib/gems/1.9.1/gems/bundler-1.13.6/lib/bundler/friendly_errors.rb:100:in `with_friendly_errors'
	/var/lib/gems/1.9.1/gems/bundler-1.13.6/exe/bundle:26:in `<top (required)>'
	/usr/local/bin/bundle:23:in `load'
	/usr/local/bin/bundle:23:in `<main>'

Invalid request: Invalid HTTP format, parsing fails.
	/var/lib/gems/1.9.1/gems/thin-1.6.3/lib/thin/request.rb:84:in `execute'
	/var/lib/gems/1.9.1/gems/thin-1.6.3/lib/thin/request.rb:84:in `parse'
	/var/lib/gems/1.9.1/gems/thin-1.6.3/lib/thin/connection.rb:39:in `receive_data'
	/var/lib/gems/1.9.1/gems/eventmachine-1.0.7/lib/eventmachine.rb:187:in `run_machine'
	/var/lib/gems/1.9.1/gems/eventmachine-1.0.7/lib/eventmachine.rb:187:in `run'
	/var/lib/gems/1.9.1/gems/thin-1.6.3/lib/thin/backends/base.rb:73:in `start'
	/var/lib/gems/1.9.1/gems/thin-1.6.3/lib/thin/server.rb:162:in `start'
	/var/lib/gems/1.9.1/gems/thin-1.6.3/lib/thin/controllers/controller.rb:87:in `start'
	/var/lib/gems/1.9.1/gems/thin-1.6.3/lib/thin/runner.rb:200:in `run_command'
	/var/lib/gems/1.9.1/gems/thin-1.6.3/lib/thin/runner.rb:156:in `run!'
	/var/lib/gems/1.9.1/gems/thin-1.6.3/bin/thin:6:in `<top (required)>'
	/usr/local/bin/thin:23:in `load'
	/usr/local/bin/thin:23:in `<top (required)>'
	/var/lib/gems/1.9.1/gems/bundler-1.13.6/lib/bundler/cli/exec.rb:74:in `load'
	/var/lib/gems/1.9.1/gems/bundler-1.13.6/lib/bundler/cli/exec.rb:74:in `kernel_load'
	/var/lib/gems/1.9.1/gems/bundler-1.13.6/lib/bundler/cli/exec.rb:27:in `run'
	/var/lib/gems/1.9.1/gems/bundler-1.13.6/lib/bundler/cli.rb:332:in `exec'
	/var/lib/gems/1.9.1/gems/bundler-1.13.6/lib/bundler/vendor/thor/lib/thor/command.rb:27:in `run'
	/var/lib/gems/1.9.1/gems/bundler-1.13.6/lib/bundler/vendor/thor/lib/thor/invocation.rb:126:in `invoke_command'
	/var/lib/gems/1.9.1/gems/bundler-1.13.6/lib/bundler/vendor/thor/lib/thor.rb:359:in `dispatch'
	/var/lib/gems/1.9.1/gems/bundler-1.13.6/lib/bundler/cli.rb:20:in `dispatch'
	/var/lib/gems/1.9.1/gems/bundler-1.13.6/lib/bundler/vendor/thor/lib/thor/base.rb:440:in `start'
	/var/lib/gems/1.9.1/gems/bundler-1.13.6/lib/bundler/cli.rb:11:in `start'
	/var/lib/gems/1.9.1/gems/bundler-1.13.6/exe/bundle:34:in `block in <top (required)>'
	/var/lib/gems/1.9.1/gems/bundler-1.13.6/lib/bundler/friendly_errors.rb:100:in `with_friendly_errors'
	/var/lib/gems/1.9.1/gems/bundler-1.13.6/exe/bundle:26:in `<top (required)>'
	/usr/local/bin/bundle:23:in `load'
	/usr/local/bin/bundle:23:in `<main>'

Invalid request: Invalid HTTP format, parsing fails.
	/var/lib/gems/1.9.1/gems/thin-1.6.3/lib/thin/request.rb:84:in `execute'
	/var/lib/gems/1.9.1/gems/thin-1.6.3/lib/thin/request.rb:84:in `parse'
	/var/lib/gems/1.9.1/gems/thin-1.6.3/lib/thin/connection.rb:39:in `receive_data'
	/var/lib/gems/1.9.1/gems/eventmachine-1.0.7/lib/eventmachine.rb:187:in `run_machine'
	/var/lib/gems/1.9.1/gems/eventmachine-1.0.7/lib/eventmachine.rb:187:in `run'
	/var/lib/gems/1.9.1/gems/thin-1.6.3/lib/thin/backends/base.rb:73:in `start'
	/var/lib/gems/1.9.1/gems/thin-1.6.3/lib/thin/server.rb:162:in `start'
	/var/lib/gems/1.9.1/gems/thin-1.6.3/lib/thin/controllers/controller.rb:87:in `start'
	/var/lib/gems/1.9.1/gems/thin-1.6.3/lib/thin/runner.rb:200:in `run_command'
	/var/lib/gems/1.9.1/gems/thin-1.6.3/lib/thin/runner.rb:156:in `run!'
	/var/lib/gems/1.9.1/gems/thin-1.6.3/bin/thin:6:in `<top (required)>'
	/usr/local/bin/thin:23:in `load'
	/usr/local/bin/thin:23:in `<top (required)>'
	/var/lib/gems/1.9.1/gems/bundler-1.13.6/lib/bundler/cli/exec.rb:74:in `load'
	/var/lib/gems/1.9.1/gems/bundler-1.13.6/lib/bundler/cli/exec.rb:74:in `kernel_load'
	/var/lib/gems/1.9.1/gems/bundler-1.13.6/lib/bundler/cli/exec.rb:27:in `run'
	/var/lib/gems/1.9.1/gems/bundler-1.13.6/lib/bundler/cli.rb:332:in `exec'
	/var/lib/gems/1.9.1/gems/bundler-1.13.6/lib/bundler/vendor/thor/lib/thor/command.rb:27:in `run'
	/var/lib/gems/1.9.1/gems/bundler-1.13.6/lib/bundler/vendor/thor/lib/thor/invocation.rb:126:in `invoke_command'
	/var/lib/gems/1.9.1/gems/bundler-1.13.6/lib/bundler/vendor/thor/lib/thor.rb:359:in `dispatch'
	/var/lib/gems/1.9.1/gems/bundler-1.13.6/lib/bundler/cli.rb:20:in `dispatch'
	/var/lib/gems/1.9.1/gems/bundler-1.13.6/lib/bundler/vendor/thor/lib/thor/base.rb:440:in `start'
	/var/lib/gems/1.9.1/gems/bundler-1.13.6/lib/bundler/cli.rb:11:in `start'
	/var/lib/gems/1.9.1/gems/bundler-1.13.6/exe/bundle:34:in `block in <top (required)>'
	/var/lib/gems/1.9.1/gems/bundler-1.13.6/lib/bundler/friendly_errors.rb:100:in `with_friendly_errors'
	/var/lib/gems/1.9.1/gems/bundler-1.13.6/exe/bundle:26:in `<top (required)>'
	/usr/local/bin/bundle:23:in `load'
	/usr/local/bin/bundle:23:in `<main>'

